2025-08-25 20:46:02,632 - 16S_Analysis - INFO - ==================================================
2025-08-25 20:46:02,632 - 16S_Analysis - INFO - Processing CF37...
2025-08-25 20:46:02,652 - 16S_Analysis - INFO - ==================================================
2025-08-25 20:46:02,652 - 16S_Analysis - INFO - Processing CF38...
2025-08-25 20:46:02,660 - 16S_Analysis - INFO - Skipping abund_results, file not found.
2025-08-25 20:46:02,661 - 16S_Analysis - INFO - ==================================================
2025-08-25 20:46:02,661 - 16S_Analysis - INFO - Processing CF1...
2025-08-25 20:46:02,680 - 16S_Analysis - INFO - ==================================================
2025-08-25 20:46:02,680 - 16S_Analysis - INFO - Processing CF40...
2025-08-25 20:46:02,684 - 16S_Analysis - INFO - ==================================================
2025-08-25 20:46:02,684 - 16S_Analysis - INFO - Processing CF13...
2025-08-25 20:46:02,715 - 16S_Analysis - INFO - ==================================================
2025-08-25 20:46:02,715 - 16S_Analysis - INFO - Processing CF9...
2025-08-25 20:46:02,761 - 16S_Analysis - INFO - ==================================================
2025-08-25 20:46:02,761 - 16S_Analysis - INFO - Processing CF24...
2025-08-25 20:46:02,770 - 16S_Analysis - INFO - ==================================================
2025-08-25 20:46:02,770 - 16S_Analysis - INFO - Processing CF33...
2025-08-25 20:46:46,708 - 16S_Analysis - INFO - Saved CF33 taxon abundance file successfully.
2025-08-25 20:46:46,945 - 16S_Analysis - INFO - ==================================================
2025-08-25 20:46:46,945 - 16S_Analysis - INFO - Processing CF34...
2025-08-25 20:46:47,830 - 16S_Analysis - INFO - Saved CF37 taxon abundance file successfully.
2025-08-25 20:46:48,026 - 16S_Analysis - INFO - ==================================================
2025-08-25 20:46:48,026 - 16S_Analysis - INFO - Processing CF30...
2025-08-25 20:46:48,520 - 16S_Analysis - INFO - Saved CF24 taxon abundance file successfully.
2025-08-25 20:46:48,750 - 16S_Analysis - INFO - ==================================================
2025-08-25 20:46:48,750 - 16S_Analysis - INFO - Processing CF12...
2025-08-25 20:46:51,543 - 16S_Analysis - INFO - Saved CF40 taxon abundance file successfully.
2025-08-25 20:46:51,800 - 16S_Analysis - INFO - ==================================================
2025-08-25 20:46:51,800 - 16S_Analysis - INFO - Processing CF8...
2025-08-25 20:46:55,043 - 16S_Analysis - INFO - Saved CF1 taxon abundance file successfully.
2025-08-25 20:46:55,253 - 16S_Analysis - INFO - ==================================================
2025-08-25 20:46:55,253 - 16S_Analysis - INFO - Processing CF6...
2025-08-25 20:46:55,726 - 16S_Analysis - INFO - Saved CF13 taxon abundance file successfully.
2025-08-25 20:46:55,968 - 16S_Analysis - INFO - ==================================================
2025-08-25 20:46:55,968 - 16S_Analysis - INFO - Processing CF25...
2025-08-25 20:46:56,822 - 16S_Analysis - INFO - Saved CF38 taxon abundance file successfully.
2025-08-25 20:46:57,035 - 16S_Analysis - INFO - ==================================================
2025-08-25 20:46:57,035 - 16S_Analysis - INFO - Processing CF31...
2025-08-25 20:47:00,598 - 16S_Analysis - INFO - Saved CF9 taxon abundance file successfully.
2025-08-25 20:47:00,774 - 16S_Analysis - INFO - ==================================================
2025-08-25 20:47:00,774 - 16S_Analysis - INFO - Processing CF7...
2025-08-25 20:47:36,607 - 16S_Analysis - INFO - Saved CF12 taxon abundance file successfully.
2025-08-25 20:47:36,858 - 16S_Analysis - INFO - ==================================================
2025-08-25 20:47:36,858 - 16S_Analysis - INFO - Processing CF15...
2025-08-25 20:47:38,543 - 16S_Analysis - INFO - Saved CF25 taxon abundance file successfully.
2025-08-25 20:47:38,776 - 16S_Analysis - INFO - ==================================================
2025-08-25 20:47:38,776 - 16S_Analysis - INFO - Processing CF22...
2025-08-25 20:47:42,509 - 16S_Analysis - INFO - Saved CF34 taxon abundance file successfully.
2025-08-25 20:47:42,764 - 16S_Analysis - INFO - ==================================================
2025-08-25 20:47:42,764 - 16S_Analysis - INFO - Processing CF35...
2025-08-25 20:47:46,536 - 16S_Analysis - INFO - Saved CF30 taxon abundance file successfully.
2025-08-25 20:47:46,771 - 16S_Analysis - INFO - ==================================================
2025-08-25 20:47:46,772 - 16S_Analysis - INFO - Processing CF39...
2025-08-25 20:47:49,218 - 16S_Analysis - INFO - Saved CF8 taxon abundance file successfully.
2025-08-25 20:47:49,487 - 16S_Analysis - INFO - ==================================================
2025-08-25 20:47:49,487 - 16S_Analysis - INFO - Processing CF14...
2025-08-25 20:47:53,316 - 16S_Analysis - INFO - Saved CF6 taxon abundance file successfully.
2025-08-25 20:47:53,612 - 16S_Analysis - INFO - ==================================================
2025-08-25 20:47:53,613 - 16S_Analysis - INFO - Processing CF32...
2025-08-25 20:47:53,615 - 16S_Analysis - INFO - Saved CF31 taxon abundance file successfully.
2025-08-25 20:47:53,835 - 16S_Analysis - INFO - ==================================================
2025-08-25 20:47:53,836 - 16S_Analysis - INFO - Processing CF36...
2025-08-25 20:47:54,823 - 16S_Analysis - INFO - Saved CF7 taxon abundance file successfully.
2025-08-25 20:47:55,083 - 16S_Analysis - INFO - ==================================================
2025-08-25 20:47:55,084 - 16S_Analysis - INFO - Processing CF23...
2025-08-25 20:48:37,853 - 16S_Analysis - INFO - Saved CF35 taxon abundance file successfully.
2025-08-25 20:48:38,094 - 16S_Analysis - INFO - ==================================================
2025-08-25 20:48:38,094 - 16S_Analysis - INFO - Processing CF17...
2025-08-25 20:48:38,818 - 16S_Analysis - INFO - Saved CF39 taxon abundance file successfully.
2025-08-25 20:48:38,889 - 16S_Analysis - INFO - Saved CF22 taxon abundance file successfully.
2025-08-25 20:48:39,041 - 16S_Analysis - INFO - Saved CF15 taxon abundance file successfully.
2025-08-25 20:48:39,130 - 16S_Analysis - INFO - ==================================================
2025-08-25 20:48:39,130 - 16S_Analysis - INFO - Processing CF26...
2025-08-25 20:48:39,190 - 16S_Analysis - INFO - ==================================================
2025-08-25 20:48:39,192 - 16S_Analysis - INFO - Processing CF18...
2025-08-25 20:48:39,286 - 16S_Analysis - INFO - ==================================================
2025-08-25 20:48:39,286 - 16S_Analysis - INFO - Processing CF29...
2025-08-25 20:48:48,827 - 16S_Analysis - INFO - Saved CF32 taxon abundance file successfully.
2025-08-25 20:48:49,102 - 16S_Analysis - INFO - ==================================================
2025-08-25 20:48:49,102 - 16S_Analysis - INFO - Processing CF10...
2025-08-25 20:48:51,596 - 16S_Analysis - INFO - Saved CF14 taxon abundance file successfully.
2025-08-25 20:48:51,842 - 16S_Analysis - INFO - ==================================================
2025-08-25 20:48:51,842 - 16S_Analysis - INFO - Processing CF3...
2025-08-25 20:48:53,367 - 16S_Analysis - INFO - Saved CF23 taxon abundance file successfully.
2025-08-25 20:48:53,607 - 16S_Analysis - INFO - ==================================================
2025-08-25 20:48:53,607 - 16S_Analysis - INFO - Processing SECC18...
2025-08-25 20:49:02,688 - 16S_Analysis - INFO - Saved CF36 taxon abundance file successfully.
2025-08-25 20:49:02,953 - 16S_Analysis - INFO - ==================================================
2025-08-25 20:49:02,953 - 16S_Analysis - INFO - Processing SECC29...
2025-08-25 20:49:36,256 - 16S_Analysis - INFO - Saved CF17 taxon abundance file successfully.
2025-08-25 20:49:36,602 - 16S_Analysis - INFO - ==================================================
2025-08-25 20:49:36,602 - 16S_Analysis - INFO - Processing CF21...
2025-08-25 20:49:37,316 - 16S_Analysis - INFO - Saved CF18 taxon abundance file successfully.
2025-08-25 20:49:37,662 - 16S_Analysis - INFO - ==================================================
2025-08-25 20:49:37,662 - 16S_Analysis - INFO - Processing CF27...
2025-08-25 20:49:38,802 - 16S_Analysis - INFO - Saved CF26 taxon abundance file successfully.
2025-08-25 20:49:39,097 - 16S_Analysis - INFO - ==================================================
2025-08-25 20:49:39,097 - 16S_Analysis - INFO - Processing CF5...
2025-08-25 20:49:43,140 - 16S_Analysis - INFO - Saved CF29 taxon abundance file successfully.
2025-08-25 20:49:43,424 - 16S_Analysis - INFO - ==================================================
2025-08-25 20:49:43,424 - 16S_Analysis - INFO - Processing CF16...
2025-08-25 20:49:59,911 - 16S_Analysis - INFO - Saved CF3 taxon abundance file successfully.
2025-08-25 20:50:00,268 - 16S_Analysis - INFO - ==================================================
2025-08-25 20:50:00,269 - 16S_Analysis - INFO - Processing CF4...
2025-08-25 20:50:03,178 - 16S_Analysis - INFO - Saved SECC18 taxon abundance file successfully.
2025-08-25 20:50:03,603 - 16S_Analysis - INFO - ==================================================
2025-08-25 20:50:03,603 - 16S_Analysis - INFO - Processing SECC20...
2025-08-25 20:50:18,593 - 16S_Analysis - INFO - Saved CF10 taxon abundance file successfully.
2025-08-25 20:50:18,933 - 16S_Analysis - INFO - ==================================================
2025-08-25 20:50:18,933 - 16S_Analysis - INFO - Processing CF28...
2025-08-25 20:50:22,264 - 16S_Analysis - INFO - Saved SECC29 taxon abundance file successfully.
2025-08-25 20:50:22,646 - 16S_Analysis - INFO - ==================================================
2025-08-25 20:50:22,646 - 16S_Analysis - INFO - Processing SECC11...
2025-08-25 20:50:55,756 - 16S_Analysis - INFO - Saved CF4 taxon abundance file successfully.
2025-08-25 20:50:56,169 - 16S_Analysis - INFO - ==================================================
2025-08-25 20:50:56,169 - 16S_Analysis - INFO - Processing SECC27...
2025-08-25 20:50:56,960 - 16S_Analysis - INFO - Saved CF5 taxon abundance file successfully.
2025-08-25 20:50:57,336 - 16S_Analysis - INFO - ==================================================
2025-08-25 20:50:57,336 - 16S_Analysis - INFO - Processing CF2...
2025-08-25 20:51:04,948 - 16S_Analysis - INFO - Saved CF16 taxon abundance file successfully.
2025-08-25 20:51:05,259 - 16S_Analysis - INFO - ==================================================
2025-08-25 20:51:05,259 - 16S_Analysis - INFO - Processing CF11...
2025-08-25 20:51:06,343 - 16S_Analysis - INFO - Saved CF27 taxon abundance file successfully.
2025-08-25 20:51:06,703 - 16S_Analysis - INFO - ==================================================
2025-08-25 20:51:06,703 - 16S_Analysis - INFO - Processing CF20...
2025-08-25 20:51:12,457 - 16S_Analysis - INFO - Saved CF21 taxon abundance file successfully.
2025-08-25 20:51:13,006 - 16S_Analysis - INFO - ==================================================
2025-08-25 20:51:13,006 - 16S_Analysis - INFO - Processing CF19...
2025-08-25 20:51:23,837 - 16S_Analysis - INFO - Saved SECC20 taxon abundance file successfully.
2025-08-25 20:51:24,665 - 16S_Analysis - INFO - ==================================================
2025-08-25 20:51:24,666 - 16S_Analysis - INFO - Processing SECC16...
2025-08-25 20:51:31,445 - 16S_Analysis - INFO - Saved SECC11 taxon abundance file successfully.
2025-08-25 20:51:31,816 - 16S_Analysis - INFO - ==================================================
2025-08-25 20:51:31,816 - 16S_Analysis - INFO - Processing SECC10...
2025-08-25 20:51:41,282 - 16S_Analysis - INFO - Saved CF28 taxon abundance file successfully.
2025-08-25 20:51:41,694 - 16S_Analysis - INFO - ==================================================
2025-08-25 20:51:41,694 - 16S_Analysis - INFO - Processing SECC17...
2025-08-25 20:51:58,814 - 16S_Analysis - INFO - Saved CF11 taxon abundance file successfully.
2025-08-25 20:51:59,146 - 16S_Analysis - INFO - ==================================================
2025-08-25 20:51:59,146 - 16S_Analysis - INFO - Processing SECC26...
2025-08-25 20:52:20,754 - 16S_Analysis - INFO - Saved CF20 taxon abundance file successfully.
2025-08-25 20:52:21,139 - 16S_Analysis - INFO - ==================================================
2025-08-25 20:52:21,139 - 16S_Analysis - INFO - Processing SECC8...
2025-08-25 20:52:21,228 - 16S_Analysis - INFO - Saved CF19 taxon abundance file successfully.
2025-08-25 20:52:21,269 - 16S_Analysis - INFO - Saved SECC27 taxon abundance file successfully.
2025-08-25 20:52:21,540 - 16S_Analysis - INFO - ==================================================
2025-08-25 20:52:21,540 - 16S_Analysis - INFO - Processing SECC1...
2025-08-25 20:52:21,573 - 16S_Analysis - INFO - ==================================================
2025-08-25 20:52:21,574 - 16S_Analysis - INFO - Processing SECC7...
2025-08-25 20:52:28,902 - 16S_Analysis - INFO - Saved CF2 taxon abundance file successfully.
2025-08-25 20:52:29,298 - 16S_Analysis - INFO - ==================================================
2025-08-25 20:52:29,299 - 16S_Analysis - INFO - Processing SECC23...
2025-08-25 20:52:44,382 - 16S_Analysis - INFO - Saved SECC16 taxon abundance file successfully.
2025-08-25 20:52:44,727 - 16S_Analysis - INFO - ==================================================
2025-08-25 20:52:44,727 - 16S_Analysis - INFO - Processing SECC15...
2025-08-25 20:52:50,013 - 16S_Analysis - INFO - Saved SECC17 taxon abundance file successfully.
2025-08-25 20:52:50,341 - 16S_Analysis - INFO - ==================================================
2025-08-25 20:52:50,341 - 16S_Analysis - INFO - Processing SECC28...
2025-08-25 20:52:54,516 - 16S_Analysis - INFO - Saved SECC10 taxon abundance file successfully.
2025-08-25 20:52:54,840 - 16S_Analysis - INFO - ==================================================
2025-08-25 20:52:54,841 - 16S_Analysis - INFO - Processing SECC13...
2025-08-25 20:53:24,114 - 16S_Analysis - INFO - Saved SECC26 taxon abundance file successfully.
2025-08-25 20:53:24,510 - 16S_Analysis - INFO - ==================================================
2025-08-25 20:53:24,511 - 16S_Analysis - INFO - Processing SECC19...
2025-08-25 20:53:31,622 - 16S_Analysis - INFO - Saved SECC8 taxon abundance file successfully.
2025-08-25 20:53:32,024 - 16S_Analysis - INFO - ==================================================
2025-08-25 20:53:32,025 - 16S_Analysis - INFO - Processing SECC6...
2025-08-25 20:53:47,746 - 16S_Analysis - INFO - Saved SECC19 taxon abundance file successfully.
2025-08-25 20:53:48,171 - 16S_Analysis - INFO - Skipping abund_results, file not found.
2025-08-25 20:53:48,172 - 16S_Analysis - INFO - ==================================================
2025-08-25 20:53:48,172 - 16S_Analysis - INFO - Processing SECC38...
2025-08-25 20:53:49,639 - 16S_Analysis - INFO - Saved SECC1 taxon abundance file successfully.
2025-08-25 20:53:49,999 - 16S_Analysis - INFO - ==================================================
2025-08-25 20:53:49,999 - 16S_Analysis - INFO - Processing SECC32...
2025-08-25 20:53:55,260 - 16S_Analysis - INFO - Saved SECC23 taxon abundance file successfully.
2025-08-25 20:53:55,685 - 16S_Analysis - INFO - ==================================================
2025-08-25 20:53:55,685 - 16S_Analysis - INFO - Processing SECC24...
2025-08-25 20:53:56,004 - 16S_Analysis - INFO - Saved SECC7 taxon abundance file successfully.
2025-08-25 20:53:56,375 - 16S_Analysis - INFO - ==================================================
2025-08-25 20:53:56,375 - 16S_Analysis - INFO - Processing SECC34...
2025-08-25 20:53:59,593 - 16S_Analysis - INFO - Saved SECC15 taxon abundance file successfully.
2025-08-25 20:53:59,991 - 16S_Analysis - INFO - ==================================================
2025-08-25 20:53:59,991 - 16S_Analysis - INFO - Processing SECC40...
2025-08-25 20:54:14,788 - 16S_Analysis - INFO - Saved SECC13 taxon abundance file successfully.
2025-08-25 20:54:15,201 - 16S_Analysis - INFO - ==================================================
2025-08-25 20:54:15,201 - 16S_Analysis - INFO - Processing SECC25...
2025-08-25 20:54:18,524 - 16S_Analysis - INFO - Saved SECC28 taxon abundance file successfully.
2025-08-25 20:54:18,903 - 16S_Analysis - INFO - ==================================================
2025-08-25 20:54:18,903 - 16S_Analysis - INFO - Processing SECC21...
2025-08-25 20:54:20,850 - 16S_Analysis - INFO - Saved SECC24 taxon abundance file successfully.
2025-08-25 20:54:21,180 - 16S_Analysis - INFO - ==================================================
2025-08-25 20:54:21,180 - 16S_Analysis - INFO - Processing SECC12...
2025-08-25 20:54:57,713 - 16S_Analysis - INFO - Saved SECC32 taxon abundance file successfully.
2025-08-25 20:54:58,102 - 16S_Analysis - INFO - ==================================================
2025-08-25 20:54:58,103 - 16S_Analysis - INFO - Processing SECC33...
2025-08-25 20:55:02,633 - 16S_Analysis - INFO - Saved SECC6 taxon abundance file successfully.
2025-08-25 20:55:03,036 - 16S_Analysis - INFO - ==================================================
2025-08-25 20:55:03,037 - 16S_Analysis - INFO - Processing SECC35...
2025-08-25 20:55:10,256 - 16S_Analysis - INFO - Saved SECC38 taxon abundance file successfully.
2025-08-25 20:55:10,659 - 16S_Analysis - INFO - ==================================================
2025-08-25 20:55:10,659 - 16S_Analysis - INFO - Processing SECC2...
2025-08-25 20:55:11,543 - 16S_Analysis - INFO - Saved SECC34 taxon abundance file successfully.
2025-08-25 20:55:11,831 - 16S_Analysis - INFO - ==================================================
2025-08-25 20:55:11,831 - 16S_Analysis - INFO - Processing SECC9...
2025-08-25 20:55:30,156 - 16S_Analysis - INFO - Saved SECC21 taxon abundance file successfully.
2025-08-25 20:55:30,552 - 16S_Analysis - INFO - ==================================================
2025-08-25 20:55:30,552 - 16S_Analysis - INFO - Processing SECC5...
2025-08-25 20:55:34,203 - 16S_Analysis - INFO - Saved SECC40 taxon abundance file successfully.
2025-08-25 20:55:34,577 - 16S_Analysis - INFO - ==================================================
2025-08-25 20:55:34,577 - 16S_Analysis - INFO - Processing SECC14...
2025-08-25 20:55:36,370 - 16S_Analysis - INFO - Saved SECC25 taxon abundance file successfully.
2025-08-25 20:55:36,658 - 16S_Analysis - INFO - ==================================================
2025-08-25 20:55:36,658 - 16S_Analysis - INFO - Processing SECC22...
2025-08-25 20:55:44,174 - 16S_Analysis - INFO - Saved SECC12 taxon abundance file successfully.
2025-08-25 20:55:44,493 - 16S_Analysis - INFO - ==================================================
2025-08-25 20:55:44,493 - 16S_Analysis - INFO - Processing SECC37...
2025-08-25 20:56:08,576 - 16S_Analysis - INFO - Saved SECC33 taxon abundance file successfully.
2025-08-25 20:56:09,030 - 16S_Analysis - INFO - ==================================================
2025-08-25 20:56:09,030 - 16S_Analysis - INFO - Processing SECC39...
2025-08-25 20:56:12,240 - 16S_Analysis - INFO - Saved SECC2 taxon abundance file successfully.
2025-08-25 20:56:12,574 - 16S_Analysis - INFO - ==================================================
2025-08-25 20:56:12,574 - 16S_Analysis - INFO - Processing SECC31...
2025-08-25 20:56:19,639 - 16S_Analysis - INFO - Saved SECC35 taxon abundance file successfully.
2025-08-25 20:56:25,085 - 16S_Analysis - INFO - Saved SECC9 taxon abundance file successfully.
2025-08-25 20:56:40,606 - 16S_Analysis - INFO - Saved SECC5 taxon abundance file successfully.
2025-08-25 20:56:40,903 - 16S_Analysis - INFO - ==================================================
2025-08-25 20:56:40,903 - 16S_Analysis - INFO - Processing SECC36...
2025-08-25 20:56:43,675 - 16S_Analysis - INFO - Saved SECC14 taxon abundance file successfully.
2025-08-25 20:56:46,522 - 16S_Analysis - INFO - Saved SECC37 taxon abundance file successfully.
2025-08-25 20:56:46,784 - 16S_Analysis - INFO - ==================================================
2025-08-25 20:56:46,785 - 16S_Analysis - INFO - Processing SECC3...
2025-08-25 20:56:51,594 - 16S_Analysis - INFO - Saved SECC22 taxon abundance file successfully.
2025-08-25 20:57:09,100 - 16S_Analysis - INFO - Saved SECC31 taxon abundance file successfully.
2025-08-25 20:57:11,074 - 16S_Analysis - INFO - Saved SECC39 taxon abundance file successfully.
2025-08-25 20:57:21,462 - 16S_Analysis - INFO - Saved SECC36 taxon abundance file successfully.
2025-08-25 20:57:21,608 - 16S_Analysis - INFO - ==================================================
2025-08-25 20:57:21,608 - 16S_Analysis - INFO - Processing SECC4...
2025-08-25 20:57:29,814 - 16S_Analysis - INFO - Saved SECC3 taxon abundance file successfully.
2025-08-25 20:57:29,947 - 16S_Analysis - INFO - ==================================================
2025-08-25 20:57:29,948 - 16S_Analysis - INFO - Processing SECC30...
2025-08-25 20:58:00,988 - 16S_Analysis - INFO - Saved SECC4 taxon abundance file successfully.
2025-08-25 20:58:04,014 - 16S_Analysis - INFO - Saved SECC30 taxon abundance file successfully.
2025-08-25 20:58:04,014 - 16S_Analysis - INFO - Steps completed in 721.38s.
